<?xml version="1.0" encoding="UTF-8"?>
<!-- Generated by org.testng.reporters.JUnitReportReporter -->
<testsuite skipped="0" hostname="PRATYUSH-PC" name="Org.java.BDDFeatureDefinition.RunCukesTest" tests="2" failures="0" timestamp="20 May 2018 14:48:41 GMT" time="39.336" errors="0">
  <testcase name="feature" time="21.363" classname="Org.java.BDDFeatureDefinition.RunCukesTest"/>
  <testcase name="feature" time="17.973" classname="Org.java.BDDFeatureDefinition.RunCukesTest"/>
</testsuite> <!-- Org.java.BDDFeatureDefinition.RunCukesTest -->
