<?xml version="1.0" encoding="UTF-8"?>
<!-- Generated by org.testng.reporters.JUnitReportReporter -->
<testsuite skipped="0" hostname="PRATYUSH-PC" name="del.dell" tests="1" failures="0" timestamp="07 May 2018 17:20:03 GMT" time="20.935" errors="0">
  <testcase name="fish" time="20.935" classname="del.dell"/>
</testsuite> <!-- del.dell -->
